<?xml version="1.0" ?>
<coverage version="7.13.0" timestamp="1765395276942" lines-valid="7" lines-covered="6" line-rate="0.8571" branches-covered="0" branches-valid="0" branch-rate="0" complexity="0">
	<!-- Generated by coverage.py: https://coverage.readthedocs.io/en/7.13.0 -->
	<!-- Based on https://raw.githubusercontent.com/cobertura/web/master/htdocs/xml/coverage-04.dtd -->
	<sources>
		<source>D:\software engineering skills for data scientists\streamlit\poc</source>
	</sources>
	<packages>
		<package name="." line-rate="0.8571" branch-rate="0" complexity="0">
			<classes>
				<class name="my_math.py" filename="my_math.py" complexity="0" line-rate="0.75" branch-rate="0">
					<methods/>
					<lines>
						<line number="1" hits="1"/>
						<line number="2" hits="1"/>
						<line number="4" hits="1"/>
						<line number="5" hits="0"/>
					</lines>
				</class>
				<class name="test_my_math.py" filename="test_my_math.py" complexity="0" line-rate="1" branch-rate="0">
					<methods/>
					<lines>
						<line number="1" hits="1"/>
						<line number="3" hits="1"/>
						<line number="4" hits="1"/>
					</lines>
				</class>
			</classes>
		</package>
	</packages>
</coverage>
